[
  {
    "line": 2,
    "elements": [
      {
        "start_timestamp": "2024-09-26T16:17:41.461Z",
        "before": [
          {
            "result": {
              "error_message": "org.openqa.selenium.SessionNotCreatedException: session not created: This version of ChromeDriver only supports Chrome version 114\nCurrent browser version is 129.0.6668.60 with binary path C:\\Users\\ShameemAkther\\AppData\\Local\\Google\\Chrome\\Application\\chrome.exe\nBuild info: version: \u00274.0.0-alpha-6\u0027, revision: \u00275f43a29cfc\u0027\nSystem info: host: \u0027IBM-519SMM3\u0027, ip: \u0027192.168.1.10\u0027, os.name: \u0027Windows 10\u0027, os.arch: \u0027amd64\u0027, os.version: \u002710.0\u0027, java.version: \u00271.8.0_192\u0027\nDriver info: driver.version: ChromeDriver\nremote stacktrace: Backtrace:\n\tGetHandleVerifier [0x007CA813+48355]\n\t(No symbol) [0x0075C4B1]\n\t(No symbol) [0x00665358]\n\t(No symbol) [0x006861AC]\n\t(No symbol) [0x00681EF3]\n\t(No symbol) [0x00680579]\n\t(No symbol) [0x006B0C55]\n\t(No symbol) [0x006B093C]\n\t(No symbol) [0x006AA536]\n\t(No symbol) [0x006882DC]\n\t(No symbol) [0x006893DD]\n\tGetHandleVerifier [0x00A2AABD+2539405]\n\tGetHandleVerifier [0x00A6A78F+2800735]\n\tGetHandleVerifier [0x00A6456C+2775612]\n\tGetHandleVerifier [0x008551E0+616112]\n\t(No symbol) [0x00765F8C]\n\t(No symbol) [0x00762328]\n\t(No symbol) [0x0076240B]\n\t(No symbol) [0x00754FF7]\n\tBaseThreadInitThunk [0x76A07BA9+25]\n\tRtlInitializeExceptionChain [0x7747C11B+107]\n\tRtlClearBits [0x7747C09F+191]\n\r\n\tat sun.reflect.NativeConstructorAccessorImpl.newInstance0(Native Method)\r\n\tat sun.reflect.NativeConstructorAccessorImpl.newInstance(NativeConstructorAccessorImpl.java:62)\r\n\tat sun.reflect.DelegatingConstructorAccessorImpl.newInstance(DelegatingConstructorAccessorImpl.java:45)\r\n\tat java.lang.reflect.Constructor.newInstance(Constructor.java:423)\r\n\tat org.openqa.selenium.remote.W3CHandshakeResponse.lambda$errorHandler$0(W3CHandshakeResponse.java:62)\r\n\tat org.openqa.selenium.remote.HandshakeResponse.lambda$getResponseFunction$0(HandshakeResponse.java:30)\r\n\tat org.openqa.selenium.remote.ProtocolHandshake.lambda$createSession$1(ProtocolHandshake.java:126)\r\n\tat java.util.stream.ReferencePipeline$3$1.accept(ReferencePipeline.java:193)\r\n\tat java.util.Spliterators$ArraySpliterator.tryAdvance(Spliterators.java:958)\r\n\tat java.util.stream.ReferencePipeline.forEachWithCancel(ReferencePipeline.java:126)\r\n\tat java.util.stream.AbstractPipeline.copyIntoWithCancel(AbstractPipeline.java:498)\r\n\tat java.util.stream.AbstractPipeline.copyInto(AbstractPipeline.java:485)\r\n\tat java.util.stream.AbstractPipeline.wrapAndCopyInto(AbstractPipeline.java:471)\r\n\tat java.util.stream.FindOps$FindOp.evaluateSequential(FindOps.java:152)\r\n\tat java.util.stream.AbstractPipeline.evaluate(AbstractPipeline.java:234)\r\n\tat java.util.stream.ReferencePipeline.findFirst(ReferencePipeline.java:464)\r\n\tat org.openqa.selenium.remote.ProtocolHandshake.createSession(ProtocolHandshake.java:128)\r\n\tat org.openqa.selenium.remote.ProtocolHandshake.createSession(ProtocolHandshake.java:75)\r\n\tat org.openqa.selenium.remote.HttpCommandExecutor.execute(HttpCommandExecutor.java:138)\r\n\tat org.openqa.selenium.remote.service.DriverCommandExecutor.execute(DriverCommandExecutor.java:83)\r\n\tat org.openqa.selenium.remote.RemoteWebDriver.execute(RemoteWebDriver.java:582)\r\n\tat org.openqa.selenium.remote.RemoteWebDriver.startSession(RemoteWebDriver.java:216)\r\n\tat org.openqa.selenium.remote.RemoteWebDriver.\u003cinit\u003e(RemoteWebDriver.java:136)\r\n\tat org.openqa.selenium.chromium.ChromiumDriver.\u003cinit\u003e(ChromiumDriver.java:75)\r\n\tat org.openqa.selenium.chrome.ChromeDriver.\u003cinit\u003e(ChromeDriver.java:163)\r\n\tat org.openqa.selenium.chrome.ChromeDriver.\u003cinit\u003e(ChromeDriver.java:150)\r\n\tat org.openqa.selenium.chrome.ChromeDriver.\u003cinit\u003e(ChromeDriver.java:105)\r\n\tat Steps.Hooks.setUp(Hooks.java:19)\r\n",
              "duration": 5926000000,
              "status": "failed"
            },
            "match": {
              "location": "Steps.Hooks.setUp()"
            }
          }
        ],
        "line": 11,
        "name": "Doing Bing Search",
        "description": "",
        "id": "bing-search;doing-bing-search;;2",
        "after": [
          {
            "output": [
              "this is my failure message"
            ],
            "result": {
              "error_message": "java.lang.NullPointerException\r\n\tat Steps.Hooks.tearDown(Hooks.java:37)\r\n",
              "duration": 5000000,
              "status": "failed"
            },
            "match": {
              "location": "Steps.Hooks.tearDown(io.cucumber.java.Scenario)"
            }
          }
        ],
        "type": "scenario",
        "keyword": "Scenario Outline",
        "steps": [
          {
            "result": {
              "duration": 57000000,
              "status": "skipped"
            },
            "line": 5,
            "name": "I open bing page",
            "match": {
              "location": "Steps.Steps.i_open_bing_page()"
            },
            "keyword": "Given "
          },
          {
            "result": {
              "duration": 1000000,
              "status": "skipped"
            },
            "line": 6,
            "name": "I check for the bing page title",
            "match": {
              "location": "Steps.Steps.i_check_for_the_bing_page_title()"
            },
            "keyword": "When "
          },
          {
            "result": {
              "duration": 1000000,
              "status": "skipped"
            },
            "line": 7,
            "name": "I search the \"Bing Search\" in bing step",
            "match": {
              "arguments": [
                {
                  "val": "Bing Search",
                  "offset": 14
                }
              ],
              "location": "Steps.Steps.i_search_the_keyword_in_bing_step(java.lang.String)"
            },
            "keyword": "Then "
          }
        ],
        "tags": [
          {
            "name": "@bing"
          },
          {
            "name": "@search"
          }
        ]
      }
    ],
    "name": "Bing Search",
    "description": "",
    "id": "bing-search",
    "keyword": "Feature",
    "uri": "file:src/test/java/Features/Bing.feature",
    "tags": [
      {
        "name": "@bing",
        "type": "Tag",
        "location": {
          "line": 1,
          "column": 1
        }
      },
      {
        "name": "@search",
        "type": "Tag",
        "location": {
          "line": 1,
          "column": 7
        }
      }
    ]
  },
  {
    "line": 2,
    "elements": [
      {
        "start_timestamp": "2024-09-26T16:17:47.543Z",
        "before": [
          {
            "result": {
              "error_message": "org.openqa.selenium.SessionNotCreatedException: session not created: This version of ChromeDriver only supports Chrome version 114\nCurrent browser version is 129.0.6668.60 with binary path C:\\Users\\ShameemAkther\\AppData\\Local\\Google\\Chrome\\Application\\chrome.exe\nBuild info: version: \u00274.0.0-alpha-6\u0027, revision: \u00275f43a29cfc\u0027\nSystem info: host: \u0027IBM-519SMM3\u0027, ip: \u0027192.168.1.10\u0027, os.name: \u0027Windows 10\u0027, os.arch: \u0027amd64\u0027, os.version: \u002710.0\u0027, java.version: \u00271.8.0_192\u0027\nDriver info: driver.version: ChromeDriver\nremote stacktrace: Backtrace:\n\tGetHandleVerifier [0x007CA813+48355]\n\t(No symbol) [0x0075C4B1]\n\t(No symbol) [0x00665358]\n\t(No symbol) [0x006861AC]\n\t(No symbol) [0x00681EF3]\n\t(No symbol) [0x00680579]\n\t(No symbol) [0x006B0C55]\n\t(No symbol) [0x006B093C]\n\t(No symbol) [0x006AA536]\n\t(No symbol) [0x006882DC]\n\t(No symbol) [0x006893DD]\n\tGetHandleVerifier [0x00A2AABD+2539405]\n\tGetHandleVerifier [0x00A6A78F+2800735]\n\tGetHandleVerifier [0x00A6456C+2775612]\n\tGetHandleVerifier [0x008551E0+616112]\n\t(No symbol) [0x00765F8C]\n\t(No symbol) [0x00762328]\n\t(No symbol) [0x0076240B]\n\t(No symbol) [0x00754FF7]\n\tBaseThreadInitThunk [0x76A07BA9+25]\n\tRtlInitializeExceptionChain [0x7747C11B+107]\n\tRtlClearBits [0x7747C09F+191]\n\r\n\tat sun.reflect.NativeConstructorAccessorImpl.newInstance0(Native Method)\r\n\tat sun.reflect.NativeConstructorAccessorImpl.newInstance(NativeConstructorAccessorImpl.java:62)\r\n\tat sun.reflect.DelegatingConstructorAccessorImpl.newInstance(DelegatingConstructorAccessorImpl.java:45)\r\n\tat java.lang.reflect.Constructor.newInstance(Constructor.java:423)\r\n\tat org.openqa.selenium.remote.W3CHandshakeResponse.lambda$errorHandler$0(W3CHandshakeResponse.java:62)\r\n\tat org.openqa.selenium.remote.HandshakeResponse.lambda$getResponseFunction$0(HandshakeResponse.java:30)\r\n\tat org.openqa.selenium.remote.ProtocolHandshake.lambda$createSession$1(ProtocolHandshake.java:126)\r\n\tat java.util.stream.ReferencePipeline$3$1.accept(ReferencePipeline.java:193)\r\n\tat java.util.Spliterators$ArraySpliterator.tryAdvance(Spliterators.java:958)\r\n\tat java.util.stream.ReferencePipeline.forEachWithCancel(ReferencePipeline.java:126)\r\n\tat java.util.stream.AbstractPipeline.copyIntoWithCancel(AbstractPipeline.java:498)\r\n\tat java.util.stream.AbstractPipeline.copyInto(AbstractPipeline.java:485)\r\n\tat java.util.stream.AbstractPipeline.wrapAndCopyInto(AbstractPipeline.java:471)\r\n\tat java.util.stream.FindOps$FindOp.evaluateSequential(FindOps.java:152)\r\n\tat java.util.stream.AbstractPipeline.evaluate(AbstractPipeline.java:234)\r\n\tat java.util.stream.ReferencePipeline.findFirst(ReferencePipeline.java:464)\r\n\tat org.openqa.selenium.remote.ProtocolHandshake.createSession(ProtocolHandshake.java:128)\r\n\tat org.openqa.selenium.remote.ProtocolHandshake.createSession(ProtocolHandshake.java:75)\r\n\tat org.openqa.selenium.remote.HttpCommandExecutor.execute(HttpCommandExecutor.java:138)\r\n\tat org.openqa.selenium.remote.service.DriverCommandExecutor.execute(DriverCommandExecutor.java:83)\r\n\tat org.openqa.selenium.remote.RemoteWebDriver.execute(RemoteWebDriver.java:582)\r\n\tat org.openqa.selenium.remote.RemoteWebDriver.startSession(RemoteWebDriver.java:216)\r\n\tat org.openqa.selenium.remote.RemoteWebDriver.\u003cinit\u003e(RemoteWebDriver.java:136)\r\n\tat org.openqa.selenium.chromium.ChromiumDriver.\u003cinit\u003e(ChromiumDriver.java:75)\r\n\tat org.openqa.selenium.chrome.ChromeDriver.\u003cinit\u003e(ChromeDriver.java:163)\r\n\tat org.openqa.selenium.chrome.ChromeDriver.\u003cinit\u003e(ChromeDriver.java:150)\r\n\tat org.openqa.selenium.chrome.ChromeDriver.\u003cinit\u003e(ChromeDriver.java:105)\r\n\tat Steps.Hooks.setUp(Hooks.java:19)\r\n",
              "duration": 2626000000,
              "status": "failed"
            },
            "match": {
              "location": "Steps.Hooks.setUp()"
            }
          }
        ],
        "line": 12,
        "name": "Doing Google Search",
        "description": "",
        "id": "google-search;doing-google-search;;2",
        "after": [
          {
            "output": [
              "this is my failure message"
            ],
            "result": {
              "error_message": "java.lang.NullPointerException\r\n\tat Steps.Hooks.tearDown(Hooks.java:37)\r\n",
              "duration": 1000000,
              "status": "failed"
            },
            "match": {
              "location": "Steps.Hooks.tearDown(io.cucumber.java.Scenario)"
            }
          }
        ],
        "type": "scenario",
        "keyword": "Scenario Outline",
        "steps": [
          {
            "result": {
              "duration": 1000000,
              "status": "skipped"
            },
            "line": 5,
            "name": "I open google page",
            "match": {
              "location": "Steps.Steps.i_open_google_page()"
            },
            "keyword": "Given "
          },
          {
            "result": {
              "status": "skipped"
            },
            "line": 6,
            "name": "I check for the google page title",
            "match": {
              "location": "Steps.Steps.i_check_for_the_google_page_title()"
            },
            "keyword": "When "
          },
          {
            "result": {
              "status": "skipped"
            },
            "line": 7,
            "name": "I search the \"Google Search\" in google step",
            "match": {
              "arguments": [
                {
                  "val": "Google Search",
                  "offset": 14
                }
              ],
              "location": "Steps.Steps.i_search_the_keyword_in_google_step(java.lang.String)"
            },
            "keyword": "Then "
          },
          {
            "result": {
              "duration": 1000000,
              "status": "skipped"
            },
            "line": 8,
            "name": "I skipping this step",
            "match": {
              "location": "Steps.Steps.i_skipping_this_step()"
            },
            "keyword": "And "
          }
        ],
        "tags": [
          {
            "name": "@google"
          },
          {
            "name": "@search"
          }
        ]
      }
    ],
    "name": "Google Search",
    "description": "",
    "id": "google-search",
    "keyword": "Feature",
    "uri": "file:src/test/java/Features/Google.feature",
    "tags": [
      {
        "name": "@google",
        "type": "Tag",
        "location": {
          "line": 1,
          "column": 1
        }
      },
      {
        "name": "@search",
        "type": "Tag",
        "location": {
          "line": 1,
          "column": 9
        }
      }
    ]
  }
]